app/build/outputs/logs/manifest-merger-debug-report.txt
-- Merging decision tree log ---
manifest
ADDED from src\main\AndroidManifest.xml:2:1-43:12
	package
		ADDED from src\main\AndroidManifest.xml:3:2-42
		INJECTED from src\main\AndroidManifest.xml
		INJECTED from src\main\AndroidManifest.xml
	android:versionName
		ADDED from src\main\AndroidManifest.xml:5:2-29
		INJECTED from src\main\AndroidManifest.xml
		INJECTED from src\main\AndroidManifest.xml
	android:versionCode
		ADDED from src\main\AndroidManifest.xml:4:2-25
		INJECTED from src\main\AndroidManifest.xml
		INJECTED from src\main\AndroidManifest.xml
	xmlns:android
		ADDED from src\main\AndroidManifest.xml:2:11-69
uses-sdk
ADDED from src\main\AndroidManifest.xml:7:2-70
MERGED from [com.android.support:support-v4:21.0.3] AndroidManifest.xml:15:5-42
	android:targetSdkVersion
		ADDED from src\main\AndroidManifest.xml:7:38-67
		INJECTED from src\main\AndroidManifest.xml
		INJECTED from src\main\AndroidManifest.xml
	android:minSdkVersion
		ADDED from src\main\AndroidManifest.xml:7:12-37
		INJECTED from src\main\AndroidManifest.xml
		INJECTED from src\main\AndroidManifest.xml
uses-permission#android.permission.INTERNET
ADDED from src\main\AndroidManifest.xml:9:5-67
	android:name
		ADDED from src\main\AndroidManifest.xml:9:22-64
uses-permission#android.permission.WRITE_EXTERNAL_STORAGE
ADDED from src\main\AndroidManifest.xml:11:5-81
	android:name
		ADDED from src\main\AndroidManifest.xml:11:22-78
uses-permission#android.permission.ACCESS_NETWORK_STATE
ADDED from src\main\AndroidManifest.xml:13:5-79
	android:name
		ADDED from src\main\AndroidManifest.xml:13:22-76
uses-permission#android.permission.ACCESS_WIFI_STATE
ADDED from src\main\AndroidManifest.xml:15:5-76
	android:name
		ADDED from src\main\AndroidManifest.xml:15:22-73
uses-permission#android.permission.CHANGE_WIFI_STATE
ADDED from src\main\AndroidManifest.xml:17:5-76
	android:name
		ADDED from src\main\AndroidManifest.xml:17:22-73
uses-permission#android.permission.READ_PHONE_STATE
ADDED from src\main\AndroidManifest.xml:19:5-75
	android:name
		ADDED from src\main\AndroidManifest.xml:19:22-72
application
ADDED from src\main\AndroidManifest.xml:21:2-41:16
MERGED from [com.android.support:support-v4:21.0.3] AndroidManifest.xml:16:5-19
	android:label
		ADDED from src\main\AndroidManifest.xml:24:3-35
	android:hardwareAccelerated
		ADDED from src\main\AndroidManifest.xml:26:3-37
	android:allowBackup
		ADDED from src\main\AndroidManifest.xml:22:3-29
	android:icon
		ADDED from src\main\AndroidManifest.xml:23:3-35
	android:theme
		ADDED from src\main\AndroidManifest.xml:25:3-34
	android:name
		ADDED from src\main\AndroidManifest.xml:27:3-47
activity#com.sdk.samples.MainActivity
ADDED from src\main\AndroidManifest.xml:28:3-35:14
	android:label
		ADDED from src\main\AndroidManifest.xml:30:4-36
	android:name
		ADDED from src\main\AndroidManifest.xml:29:4-47
intent-filter#android.intent.action.MAIN+android.intent.category.LAUNCHER
ADDED from src\main\AndroidManifest.xml:31:4-34:20
action#android.intent.action.MAIN
ADDED from src\main\AndroidManifest.xml:32:5-57
	android:name
		ADDED from src\main\AndroidManifest.xml:32:13-54
category#android.intent.category.LAUNCHER
ADDED from src\main\AndroidManifest.xml:33:5-65
	android:name
		ADDED from src\main\AndroidManifest.xml:33:15-62
activity#com.sdk.samples.apicloud.WebPageModule
ADDED from src\main\AndroidManifest.xml:36:3-40:116
	android:screenOrientation
		ADDED from src\main\AndroidManifest.xml:37:4-40
	android:windowSoftInputMode
		ADDED from src\main\AndroidManifest.xml:38:4-46
	android:configChanges
		ADDED from src\main\AndroidManifest.xml:40:4-113
	android:theme
		ADDED from src\main\AndroidManifest.xml:39:4-63
	android:name
		ADDED from src\main\AndroidManifest.xml:36:13-66